<?xml version="1.0" encoding="UTF-8"?>
<!-- Generated by org.testng.reporters.JUnitReportReporter -->
<testsuite hostname="DESKTOP-LC911AC" failures="0" tests="3" name="com.testCases.TC01" time="32.746" errors="0" timestamp="2022-09-21T00:00:12 IST" skipped="0">
  <testcase classname="com.testCases.TC01" name="SignIn" time="18.076"/>
  <system-out/>
  <testcase classname="com.testCases.TC01" name="SearchProduct" time="12.027"/>
  <system-out/>
  <testcase classname="com.testCases.TC01" name="DeliveryProces" time="2.643"/>
  <system-out/>
</testsuite> <!-- com.testCases.TC01 -->
